<?xml version="1.0" encoding="UTF-8"?>
<testng-results ignored="0" total="1" passed="1" failed="0" skipped="0">
  <reporter-output>
  </reporter-output>
  <suite started-at="2023-07-12T00:14:01 WIB" name="Surefire suite" finished-at="2023-07-12T00:14:09 WIB" duration-ms="7821">
    <groups>
    </groups>
    <test started-at="2023-07-12T00:14:01 WIB" name="Surefire test" finished-at="2023-07-12T00:14:09 WIB" duration-ms="7821">
      <class name="moduittest.WebTest">
        <test-method signature="testLogin()[pri:0, instance:moduittest.WebTest@7fa98a66]" started-at="2023-07-12T00:14:01 WIB" name="testLogin" finished-at="2023-07-12T00:14:09 WIB" duration-ms="7809" status="PASS">
          <reporter-output>
          </reporter-output>
        </test-method> <!-- testLogin -->
      </class> <!-- moduittest.WebTest -->
    </test> <!-- Surefire test -->
  </suite> <!-- Surefire suite -->
</testng-results>
